0 info it worked if it ends with ok
1 verbose cli [ '/usr/bin/nodejs', '/usr/bin/npm', 'install' ]
2 info using npm@2.15.8
3 info using node@v4.4.7
4 verbose readDependencies loading dependencies from /home/mykii/Documents/wafDev/gatejs/package.json
5 error install Couldn't read dependencies
6 verbose stack Error: ENOENT: no such file or directory, open '/home/mykii/Documents/wafDev/gatejs/package.json'
6 verbose stack     at Error (native)
7 verbose cwd /home/mykii/Documents/wafDev/gatejs
8 error Linux 4.4.0-31-generic
9 error argv "/usr/bin/nodejs" "/usr/bin/npm" "install"
10 error node v4.4.7
11 error npm  v2.15.8
12 error path /home/mykii/Documents/wafDev/gatejs/package.json
13 error code ENOPACKAGEJSON
14 error errno -2
15 error syscall open
16 error package.json ENOENT: no such file or directory, open '/home/mykii/Documents/wafDev/gatejs/package.json'
16 error package.json This is most likely not a problem with npm itself.
16 error package.json npm can't find a package.json file in your current directory.
17 verbose exit [ -2, true ]
